2024-02-27T19:39:26.814Z   +689ms [debug] Config loaded {"version":"2.40.1","cdkVersion":"2.124.0","constructsVersion":"10.3.0","config":{"name":"app","region":"us-east-1","stage":"shmul","ssmPrefix":"/sst/app/shmul/"},"metafile":{"inputs":{"stacks/PrismaStack.ts":{"bytes":2583,"imports":[{"path":"path","kind":"import-statement","external":true},{"path":"fs","kind":"import-statement","external":true},{"path":"aws-cdk-lib/aws-lambda","kind":"import-statement","external":true},{"path":"sst/constructs","kind":"import-statement","external":true},{"path":"<runtime>","kind":"import-statement","external":true}],"format":"esm"},"sst.config.ts":{"bytes":322,"imports":[{"path":"stacks/PrismaStack.ts","kind":"import-statement","original":"./stacks/PrismaStack"}],"format":"esm"}},"outputs":{".sst.config.1709062766132.mjs":{"imports":[{"path":"aws-cdk-lib/aws-lambda","kind":"import-statement","external":true},{"path":"sst/constructs","kind":"import-statement","external":true}],"exports":["default"],"entryPoint":"sst.config.ts","inputs":{"stacks/PrismaStack.ts":{"bytesInOutput":112},"sst.config.ts":{"bytesInOutput":118}},"bytes":438}}},"paths":{"config":"/Users/shmul/Developer/DapUpAWS/sst.config.ts","root":"/Users/shmul/Developer/DapUpAWS","out":"/Users/shmul/Developer/DapUpAWS/.sst","artifacts":"/Users/shmul/Developer/DapUpAWS/.sst/artifacts"}}
2024-02-27T19:39:26.931Z   +117ms [debug] Using AWS profile 
2024-02-27T19:39:26.932Z     +1ms [debug] Created AWS client IoTClient
2024-02-27T19:39:26.932Z     +0ms [debug] Getting IoT endpoint
2024-02-27T19:39:26.942Z    +10ms [debug] Synthesizing stacks...
2024-02-27T19:39:26.948Z     +6ms [debug] Created AWS client STSClient
2024-02-27T19:39:27.018Z    +70ms [debug] Using IoT endpoint: al2qndl7iwi1s-ats.iot.us-east-1.amazonaws.com
2024-02-27T19:39:27.019Z     +1ms [debug] Initializing bootstrap context
2024-02-27T19:39:27.019Z     +0ms [debug] Created AWS client CloudFormationClient
2024-02-27T19:39:27.050Z    +31ms [debug] Using identity Account: 139004743199 User: AIDASAXKUBYPX5VXVGLOG
2024-02-27T19:39:27.054Z     +4ms [debug] Generating types in /Users/shmul/Developer/DapUpAWS/.sst/types
2024-02-27T19:39:27.314Z   +260ms [debug] Running 1 deferred tasks with concurrency: 9
2024-02-27T19:39:27.460Z   +146ms [debug] Loaded bootstrap status
2024-02-27T19:39:27.460Z     +0ms [debug] Bootstrap context initialized {"status":"ready","version":"7.3","bucket":"sstbootstrap-useast124d14e4b-1m381dvs2fa37"}
2024-02-27T19:39:27.461Z     +1ms [debug] Created AWS client S3Client
2024-02-27T19:39:27.549Z    +88ms [debug] 
2024-02-27T19:39:27.549Z     +0ms [debug] Loading v2 AWS SDK
2024-02-27T19:39:27.550Z     +1ms [debug] Finished synthesizing
2024-02-27T19:39:27.701Z   +151ms [debug] IoT connected
2024-02-27T19:39:27.744Z    +43ms [debug] Created AWS client LambdaClient
